# JRE version: Java(TM) SE Runtime Environment (8.0_291-b10) (build 1.8.0_291-b10)
# Java VM: Java HotSpot(TM) 64-Bit Server VM (25.291-b10 mixed mode windows-amd64 compressed oops)
Heap:
 PSYoungGen      total 101888K, used 7314K [0x00000000eaf00000, 0x00000000f3080000, 0x0000000100000000)
  eden space 86528K, 0% used [0x00000000eaf00000,0x00000000eaf00000,0x00000000f0380000)
  from space 15360K, 47% used [0x00000000f0380000,0x00000000f0aa4be8,0x00000000f1280000)
  to   space 14336K, 0% used [0x00000000f2280000,0x00000000f2280000,0x00000000f3080000)
 ParOldGen       total 56320K, used 17487K [0x00000000c0c00000, 0x00000000c4300000, 0x00000000eaf00000)
  object space 56320K, 31% used [0x00000000c0c00000,0x00000000c1d13fc8,0x00000000c4300000)
 Metaspace       used 33514K, capacity 35334K, committed 35456K, reserved 1079296K
  class space    used 4546K, capacity 4908K, committed 4992K, reserved 1048576K
GC Heap History (10 events):
Event: 3.293 GC heap after
Heap after GC invocations=6 (full 0):
 PSYoungGen      total 79872K, used 5187K [0x00000000eaf00000, 0x00000000f0c00000, 0x0000000100000000)
  eden space 65536K, 0% used [0x00000000eaf00000,0x00000000eaf00000,0x00000000eef00000)
  from space 14336K, 36% used [0x00000000efe00000,0x00000000f0310f70,0x00000000f0c00000)
  to   space 14848K, 0% used [0x00000000eef00000,0x00000000eef00000,0x00000000efd80000)
 ParOldGen       total 44032K, used 23298K [0x00000000c0c00000, 0x00000000c3700000, 0x00000000eaf00000)
  object space 44032K, 52% used [0x00000000c0c00000,0x00000000c22c0b60,0x00000000c3700000)
 Metaspace       used 20440K, capacity 21210K, committed 21296K, reserved 1067008K
  class space    used 2749K, capacity 2932K, committed 2944K, reserved 1048576K
}
Event: 3.293 GC heap before
{Heap before GC invocations=7 (full 1):
 PSYoungGen      total 79872K, used 5187K [0x00000000eaf00000, 0x00000000f0c00000, 0x0000000100000000)
  eden space 65536K, 0% used [0x00000000eaf00000,0x00000000eaf00000,0x00000000eef00000)
  from space 14336K, 36% used [0x00000000efe00000,0x00000000f0310f70,0x00000000f0c00000)
  to   space 14848K, 0% used [0x00000000eef00000,0x00000000eef00000,0x00000000efd80000)
 ParOldGen       total 44032K, used 23298K [0x00000000c0c00000, 0x00000000c3700000, 0x00000000eaf00000)
  object space 44032K, 52% used [0x00000000c0c00000,0x00000000c22c0b60,0x00000000c3700000)
 Metaspace       used 20440K, capacity 21210K, committed 21296K, reserved 1067008K
  class space    used 2749K, capacity 2932K, committed 2944K, reserved 1048576K
Event: 3.506 GC heap after
Heap after GC invocations=7 (full 1):
 PSYoungGen      total 79872K, used 0K [0x00000000eaf00000, 0x00000000f0c00000, 0x0000000100000000)
  eden space 65536K, 0% used [0x00000000eaf00000,0x00000000eaf00000,0x00000000eef00000)
  from space 14336K, 0% used [0x00000000efe00000,0x00000000efe00000,0x00000000f0c00000)
  to   space 14848K, 0% used [0x00000000eef00000,0x00000000eef00000,0x00000000efd80000)
 ParOldGen       total 56320K, used 17463K [0x00000000c0c00000, 0x00000000c4300000, 0x00000000eaf00000)
  object space 56320K, 31% used [0x00000000c0c00000,0x00000000c1d0dfc8,0x00000000c4300000)
 Metaspace       used 20440K, capacity 21210K, committed 21296K, reserved 1067008K
  class space    used 2749K, capacity 2932K, committed 2944K, reserved 1048576K
}
Event: 4.432 GC heap before
{Heap before GC invocations=8 (full 1):
 PSYoungGen      total 79872K, used 65536K [0x00000000eaf00000, 0x00000000f0c00000, 0x0000000100000000)
  eden space 65536K, 100% used [0x00000000eaf00000,0x00000000eef00000,0x00000000eef00000)
  from space 14336K, 0% used [0x00000000efe00000,0x00000000efe00000,0x00000000f0c00000)
  to   space 14848K, 0% used [0x00000000eef00000,0x00000000eef00000,0x00000000efd80000)
 ParOldGen       total 56320K, used 17463K [0x00000000c0c00000, 0x00000000c4300000, 0x00000000eaf00000)
  object space 56320K, 31% used [0x00000000c0c00000,0x00000000c1d0dfc8,0x00000000c4300000)
 Metaspace       used 26222K, capacity 27382K, committed 27520K, reserved 1073152K
  class space    used 3585K, capacity 3878K, committed 3968K, reserved 1048576K
Event: 4.444 GC heap after
Heap after GC invocations=8 (full 1):
 PSYoungGen      total 80384K, used 8567K [0x00000000eaf00000, 0x00000000f2080000, 0x0000000100000000)
  eden space 65536K, 0% used [0x00000000eaf00000,0x00000000eaf00000,0x00000000eef00000)
  from space 14848K, 57% used [0x00000000eef00000,0x00000000ef75df20,0x00000000efd80000)
  to   space 14336K, 0% used [0x00000000f1280000,0x00000000f1280000,0x00000000f2080000)
 ParOldGen       total 56320K, used 17471K [0x00000000c0c00000, 0x00000000c4300000, 0x00000000eaf00000)
  object space 56320K, 31% used [0x00000000c0c00000,0x00000000c1d0ffc8,0x00000000c4300000)
 Metaspace       used 26222K, capacity 27382K, committed 27520K, reserved 1073152K
  class space    used 3585K, capacity 3878K, committed 3968K, reserved 1048576K
}
Event: 5.711 GC heap before
{Heap before GC invocations=9 (full 1):
 PSYoungGen      total 80384K, used 74103K [0x00000000eaf00000, 0x00000000f2080000, 0x0000000100000000)
  eden space 65536K, 100% used [0x00000000eaf00000,0x00000000eef00000,0x00000000eef00000)
  from space 14848K, 57% used [0x00000000eef00000,0x00000000ef75df20,0x00000000efd80000)
  to   space 14336K, 0% used [0x00000000f1280000,0x00000000f1280000,0x00000000f2080000)
 ParOldGen       total 56320K, used 17471K [0x00000000c0c00000, 0x00000000c4300000, 0x00000000eaf00000)
  object space 56320K, 31% used [0x00000000c0c00000,0x00000000c1d0ffc8,0x00000000c4300000)
 Metaspace       used 33118K, capacity 34932K, committed 35072K, reserved 1079296K
  class space    used 4491K, capacity 4841K, committed 4864K, reserved 1048576K
Event: 5.739 GC heap after
Heap after GC invocations=9 (full 1):
 PSYoungGen      total 100864K, used 10835K [0x00000000eaf00000, 0x00000000f2180000, 0x0000000100000000)
  eden space 86528K, 0% used [0x00000000eaf00000,0x00000000eaf00000,0x00000000f0380000)
  from space 14336K, 75% used [0x00000000f1280000,0x00000000f1d14e20,0x00000000f2080000)
  to   space 15360K, 0% used [0x00000000f0380000,0x00000000f0380000,0x00000000f1280000)
 ParOldGen       total 56320K, used 17479K [0x00000000c0c00000, 0x00000000c4300000, 0x00000000eaf00000)
  object space 56320K, 31% used [0x00000000c0c00000,0x00000000c1d11fc8,0x00000000c4300000)
 Metaspace       used 33118K, capacity 34932K, committed 35072K, reserved 1079296K
  class space    used 4491K, capacity 4841K, committed 4864K, reserved 1048576K
}
Event: 6.103 GC heap before
{Heap before GC invocations=10 (full 1):
 PSYoungGen      total 100864K, used 18175K [0x00000000eaf00000, 0x00000000f2180000, 0x0000000100000000)
  eden space 86528K, 8% used [0x00000000eaf00000,0x00000000eb62ae68,0x00000000f0380000)
  from space 14336K, 75% used [0x00000000f1280000,0x00000000f1d14e20,0x00000000f2080000)
  to   space 15360K, 0% used [0x00000000f0380000,0x00000000f0380000,0x00000000f1280000)
 ParOldGen       total 56320K, used 17479K [0x00000000c0c00000, 0x00000000c4300000, 0x00000000eaf00000)
  object space 56320K, 31% used [0x00000000c0c00000,0x00000000c1d11fc8,0x00000000c4300000)
 Metaspace       used 33514K, capacity 35334K, committed 35456K, reserved 1079296K
  class space    used 4546K, capacity 4908K, committed 4992K, reserved 1048576K
Event: 6.117 GC heap after
Heap after GC invocations=10 (full 1):
 PSYoungGen      total 101888K, used 7314K [0x00000000eaf00000, 0x00000000f3080000, 0x0000000100000000)
  eden space 86528K, 0% used [0x00000000eaf00000,0x00000000eaf00000,0x00000000f0380000)
  from space 15360K, 47% used [0x00000000f0380000,0x00000000f0aa4be8,0x00000000f1280000)
  to   space 14336K, 0% used [0x00000000f2280000,0x00000000f2280000,0x00000000f3080000)
 ParOldGen       total 56320K, used 17487K [0x00000000c0c00000, 0x00000000c4300000, 0x00000000eaf00000)
  object space 56320K, 31% used [0x00000000c0c00000,0x00000000c1d13fc8,0x00000000c4300000)
 Metaspace       used 33514K, capacity 35334K, committed 35456K, reserved 1079296K
  class space    used 4546K, capacity 4908K, committed 4992K, reserved 1048576K
}
Event: 6.118 GC heap before
{Heap before GC invocations=11 (full 2):
 PSYoungGen      total 101888K, used 7314K [0x00000000eaf00000, 0x00000000f3080000, 0x0000000100000000)
  eden space 86528K, 0% used [0x00000000eaf00000,0x00000000eaf00000,0x00000000f0380000)
  from space 15360K, 47% used [0x00000000f0380000,0x00000000f0aa4be8,0x00000000f1280000)
  to   space 14336K, 0% used [0x00000000f2280000,0x00000000f2280000,0x00000000f3080000)
 ParOldGen       total 56320K, used 17487K [0x00000000c0c00000, 0x00000000c4300000, 0x00000000eaf00000)
  object space 56320K, 31% used [0x00000000c0c00000,0x00000000c1d13fc8,0x00000000c4300000)
 Metaspace       used 33514K, capacity 35334K, committed 35456K, reserved 1079296K
  class space    used 4546K, capacity 4908K, committed 4992K, reserved 1048576K

